<?xml version="1.0" encoding="UTF-8"?>
<testsuite xmlns:xsi="http://www.w3.org/2001/XMLSchema-instance" xsi:noNamespaceSchemaLocation="https://maven.apache.org/surefire/maven-surefire-plugin/xsd/surefire-test-report-3.0.xsd" version="3.0" name="TestSuite" time="44.442" tests="8" errors="0" skipped="4" failures="2">
  <properties>
[...]
</properties>
  <testcase name="testValidLogin" classname="script.ValidLogin" time="7.964">
    <system-out><![CDATA[[TestNGContentHandler] [WARN] It is strongly recommended to add "<!DOCTYPE suite SYSTEM "http://testng.org/testng-1.0.dtd" >" at the top of your file, otherwise TestNG may fail or not work as expected.
]]></system-out>
    <system-err><![CDATA[SLF4J: Failed to load class "org.slf4j.impl.StaticLoggerBinder".
SLF4J: Defaulting to no-operation (NOP) logger implementation
SLF4J: See http://www.slf4j.org/codes.html#StaticLoggerBinder for further details.
Starting ChromeDriver 92.0.4515.107 (87a818b10553a07434ea9e2b6dccf3cbe7895134-refs/branch-heads/4515@{#1634}) on port 7312
Only local connections are allowed.
Please see https://chromedriver.chromium.org/security-considerations for suggestions on keeping ChromeDriver safe.
ChromeDriver was started successfully.
Aug 19, 2021 7:54:31 PM org.openqa.selenium.remote.ProtocolHandshake createSession
INFO: Detected dialect: W3C
Aug 19, 2021 7:54:32 PM org.openqa.selenium.remote.ProtocolHandshake createSession
INFO: Detected dialect: W3C
]]></system-err>
  </testcase>
  <testcase name="testValidLogin" classname="script.ValidLogin" time="0">
    <skipped message="&#10;Build info: version: &apos;3.141.59&apos;, revision: &apos;e82be7d358&apos;, time: &apos;2018-11-14T08:17:03&apos;&#10;System info: host: &apos;5400-TI12332&apos;, ip: &apos;192.168.0.102&apos;, os.name: &apos;Windows 10&apos;, os.arch: &apos;amd64&apos;, os.version: &apos;10.0&apos;, java.version: &apos;16.0.1&apos;&#10;Driver info: org.openqa.selenium.remote.RemoteWebDriver&#10;Capabilities {acceptInsecureCerts: false, browserName: firefox, browserVersion: 91.0.1, javascriptEnabled: true, moz:accessibilityChecks: false, moz:buildID: 20210816143654, moz:geckodriverVersion: 0.29.1, moz:headless: false, moz:processID: 21272, moz:profile: C:\Users\prasad.cholli\AppD..., moz:shutdownTimeout: 60000, moz:useNonSpecCompliantPointerOrigin: false, moz:webdriverClick: true, pageLoadStrategy: normal, platform: WINDOWS, platformName: WINDOWS, platformVersion: 10.0, proxy: Proxy(), setWindowRect: true, strictFileInteractability: false, timeouts: {implicit: 0, pageLoad: 300000, script: 30000}, unhandledPromptBehavior: dismiss and notify, webdriver.remote.sessionid: 074e3908-5d64-4a03-a6a7-e05...}&#10;Session ID: 074e3908-5d64-4a03-a6a7-e05a0f349e5b"/>
  </testcase>
  <testcase name="openApp[http://localhost:4444/wd/hub, firefox](0)" classname="script.ValidLogin" time="7.307">
    <failure message="&#10;Build info: version: &apos;3.141.59&apos;, revision: &apos;e82be7d358&apos;, time: &apos;2018-11-14T08:17:03&apos;&#10;System info: host: &apos;5400-TI12332&apos;, ip: &apos;192.168.0.102&apos;, os.name: &apos;Windows 10&apos;, os.arch: &apos;amd64&apos;, os.version: &apos;10.0&apos;, java.version: &apos;16.0.1&apos;&#10;Driver info: org.openqa.selenium.remote.RemoteWebDriver&#10;Capabilities {acceptInsecureCerts: false, browserName: firefox, browserVersion: 91.0.1, javascriptEnabled: true, moz:accessibilityChecks: false, moz:buildID: 20210816143654, moz:geckodriverVersion: 0.29.1, moz:headless: false, moz:processID: 21272, moz:profile: C:\Users\prasad.cholli\AppD..., moz:shutdownTimeout: 60000, moz:useNonSpecCompliantPointerOrigin: false, moz:webdriverClick: true, pageLoadStrategy: normal, platform: WINDOWS, platformName: WINDOWS, platformVersion: 10.0, proxy: Proxy(), setWindowRect: true, strictFileInteractability: false, timeouts: {implicit: 0, pageLoad: 300000, script: 30000}, unhandledPromptBehavior: dismiss and notify, webdriver.remote.sessionid: 074e3908-5d64-4a03-a6a7-e05...}&#10;Session ID: 074e3908-5d64-4a03-a6a7-e05a0f349e5b" type="org.openqa.selenium.WebDriverException"><![CDATA[org.openqa.selenium.WebDriverException: 

Build info: version: '3.141.59', revision: 'e82be7d358', time: '2018-11-14T08:17:03'
System info: host: '5400-TI12332', ip: '192.168.0.102', os.name: 'Windows 10', os.arch: 'amd64', os.version: '10.0', java.version: '16.0.1'
Driver info: org.openqa.selenium.remote.RemoteWebDriver
Capabilities {acceptInsecureCerts: false, browserName: firefox, browserVersion: 91.0.1, javascriptEnabled: true, moz:accessibilityChecks: false, moz:buildID: 20210816143654, moz:geckodriverVersion: 0.29.1, moz:headless: false, moz:processID: 21272, moz:profile: C:\Users\prasad.cholli\AppD..., moz:shutdownTimeout: 60000, moz:useNonSpecCompliantPointerOrigin: false, moz:webdriverClick: true, pageLoadStrategy: normal, platform: WINDOWS, platformName: WINDOWS, platformVersion: 10.0, proxy: Proxy(), setWindowRect: true, strictFileInteractability: false, timeouts: {implicit: 0, pageLoad: 300000, script: 30000}, unhandledPromptBehavior: dismiss and notify, webdriver.remote.sessionid: 074e3908-5d64-4a03-a6a7-e05...}
Session ID: 074e3908-5d64-4a03-a6a7-e05a0f349e5b
]]></failure>
    <system-err><![CDATA[Starting ChromeDriver 92.0.4515.107 (87a818b10553a07434ea9e2b6dccf3cbe7895134-refs/branch-heads/4515@{#1634}) on port 9412
Only local connections are allowed.
Please see https://chromedriver.chromium.org/security-considerations for suggestions on keeping ChromeDriver safe.
ChromeDriver was started successfully.
Aug 19, 2021 7:55:03 PM org.openqa.selenium.remote.ProtocolHandshake createSession
INFO: Detected dialect: W3C
Aug 19, 2021 7:55:07 PM org.openqa.selenium.remote.ProtocolHandshake createSession
INFO: Detected dialect: W3C
]]></system-err>
  </testcase>
  <testcase name="closeApp" classname="script.ValidLogin" time="0">
    <skipped/>
  </testcase>
  <testcase name="testInvalidLogin" classname="script.InvalidLogin" time="1.994">
    <system-err><![CDATA[Starting ChromeDriver 92.0.4515.107 (87a818b10553a07434ea9e2b6dccf3cbe7895134-refs/branch-heads/4515@{#1634}) on port 47746
Only local connections are allowed.
Please see https://chromedriver.chromium.org/security-considerations for suggestions on keeping ChromeDriver safe.
ChromeDriver was started successfully.
Aug 19, 2021 7:54:50 PM org.openqa.selenium.remote.ProtocolHandshake createSession
INFO: Detected dialect: W3C
Aug 19, 2021 7:54:51 PM org.openqa.selenium.remote.ProtocolHandshake createSession
INFO: Detected dialect: W3C
]]></system-err>
  </testcase>
  <testcase name="testInvalidLogin" classname="script.InvalidLogin" time="0">
    <skipped message="&#10;Build info: version: &apos;3.141.59&apos;, revision: &apos;e82be7d358&apos;, time: &apos;2018-11-14T08:17:03&apos;&#10;System info: host: &apos;5400-TI12332&apos;, ip: &apos;192.168.0.102&apos;, os.name: &apos;Windows 10&apos;, os.arch: &apos;amd64&apos;, os.version: &apos;10.0&apos;, java.version: &apos;16.0.1&apos;&#10;Driver info: org.openqa.selenium.remote.RemoteWebDriver&#10;Capabilities {acceptInsecureCerts: false, browserName: firefox, browserVersion: 91.0.1, javascriptEnabled: true, moz:accessibilityChecks: false, moz:buildID: 20210816143654, moz:geckodriverVersion: 0.29.1, moz:headless: false, moz:processID: 15540, moz:profile: C:\Users\prasad.cholli\AppD..., moz:shutdownTimeout: 60000, moz:useNonSpecCompliantPointerOrigin: false, moz:webdriverClick: true, pageLoadStrategy: normal, platform: WINDOWS, platformName: WINDOWS, platformVersion: 10.0, proxy: Proxy(), setWindowRect: true, strictFileInteractability: false, timeouts: {implicit: 0, pageLoad: 300000, script: 30000}, unhandledPromptBehavior: dismiss and notify, webdriver.remote.sessionid: 22891aa0-1fe1-4b9d-b246-c81...}&#10;Session ID: 22891aa0-1fe1-4b9d-b246-c81f1df6657c"/>
  </testcase>
  <testcase name="openApp[http://localhost:4444/wd/hub, firefox](0)" classname="script.InvalidLogin" time="12.44">
    <failure message="&#10;Build info: version: &apos;3.141.59&apos;, revision: &apos;e82be7d358&apos;, time: &apos;2018-11-14T08:17:03&apos;&#10;System info: host: &apos;5400-TI12332&apos;, ip: &apos;192.168.0.102&apos;, os.name: &apos;Windows 10&apos;, os.arch: &apos;amd64&apos;, os.version: &apos;10.0&apos;, java.version: &apos;16.0.1&apos;&#10;Driver info: org.openqa.selenium.remote.RemoteWebDriver&#10;Capabilities {acceptInsecureCerts: false, browserName: firefox, browserVersion: 91.0.1, javascriptEnabled: true, moz:accessibilityChecks: false, moz:buildID: 20210816143654, moz:geckodriverVersion: 0.29.1, moz:headless: false, moz:processID: 15540, moz:profile: C:\Users\prasad.cholli\AppD..., moz:shutdownTimeout: 60000, moz:useNonSpecCompliantPointerOrigin: false, moz:webdriverClick: true, pageLoadStrategy: normal, platform: WINDOWS, platformName: WINDOWS, platformVersion: 10.0, proxy: Proxy(), setWindowRect: true, strictFileInteractability: false, timeouts: {implicit: 0, pageLoad: 300000, script: 30000}, unhandledPromptBehavior: dismiss and notify, webdriver.remote.sessionid: 22891aa0-1fe1-4b9d-b246-c81...}&#10;Session ID: 22891aa0-1fe1-4b9d-b246-c81f1df6657c" type="org.openqa.selenium.WebDriverException"><![CDATA[org.openqa.selenium.WebDriverException: 

Build info: version: '3.141.59', revision: 'e82be7d358', time: '2018-11-14T08:17:03'
System info: host: '5400-TI12332', ip: '192.168.0.102', os.name: 'Windows 10', os.arch: 'amd64', os.version: '10.0', java.version: '16.0.1'
Driver info: org.openqa.selenium.remote.RemoteWebDriver
Capabilities {acceptInsecureCerts: false, browserName: firefox, browserVersion: 91.0.1, javascriptEnabled: true, moz:accessibilityChecks: false, moz:buildID: 20210816143654, moz:geckodriverVersion: 0.29.1, moz:headless: false, moz:processID: 15540, moz:profile: C:\Users\prasad.cholli\AppD..., moz:shutdownTimeout: 60000, moz:useNonSpecCompliantPointerOrigin: false, moz:webdriverClick: true, pageLoadStrategy: normal, platform: WINDOWS, platformName: WINDOWS, platformVersion: 10.0, proxy: Proxy(), setWindowRect: true, strictFileInteractability: false, timeouts: {implicit: 0, pageLoad: 300000, script: 30000}, unhandledPromptBehavior: dismiss and notify, webdriver.remote.sessionid: 22891aa0-1fe1-4b9d-b246-c81...}
Session ID: 22891aa0-1fe1-4b9d-b246-c81f1df6657c
]]></failure>
    <system-err><![CDATA[Starting ChromeDriver 92.0.4515.107 (87a818b10553a07434ea9e2b6dccf3cbe7895134-refs/branch-heads/4515@{#1634}) on port 41244
Only local connections are allowed.
Please see https://chromedriver.chromium.org/security-considerations for suggestions on keeping ChromeDriver safe.
ChromeDriver was started successfully.
Aug 19, 2021 7:55:08 PM org.openqa.selenium.remote.ProtocolHandshake createSession
INFO: Detected dialect: W3C
Aug 19, 2021 7:55:12 PM org.openqa.selenium.remote.ProtocolHandshake createSession
INFO: Detected dialect: W3C
]]></system-err>
  </testcase>
  <testcase name="closeApp" classname="script.InvalidLogin" time="0">
    <skipped/>
  </testcase>
</testsuite>